mode: set
github.com/chilla55/registry-client-v2/v2/client.go:118.30,122.16 2 1
github.com/chilla55/registry-client-v2/v2/client.go:122.16,125.3 2 0
github.com/chilla55/registry-client-v2/v2/client.go:128.2,130.29 2 1
github.com/chilla55/registry-client-v2/v2/client.go:130.29,131.67 1 1
github.com/chilla55/registry-client-v2/v2/client.go:131.67,132.75 1 1
github.com/chilla55/registry-client-v2/v2/client.go:132.75,134.5 1 0
github.com/chilla55/registry-client-v2/v2/client.go:139.2,139.29 1 1
github.com/chilla55/registry-client-v2/v2/client.go:139.29,140.67 1 1
github.com/chilla55/registry-client-v2/v2/client.go:140.67,141.29 1 1
github.com/chilla55/registry-client-v2/v2/client.go:141.29,144.5 2 1
github.com/chilla55/registry-client-v2/v2/client.go:148.2,149.11 2 0
github.com/chilla55/registry-client-v2/v2/client.go:155.170,171.2 1 1
github.com/chilla55/registry-client-v2/v2/client.go:175.41,177.2 1 1
github.com/chilla55/registry-client-v2/v2/client.go:180.73,183.19 2 1
github.com/chilla55/registry-client-v2/v2/client.go:183.19,185.3 1 0
github.com/chilla55/registry-client-v2/v2/client.go:186.2,191.26 4 1
github.com/chilla55/registry-client-v2/v2/client.go:191.26,193.3 1 0
github.com/chilla55/registry-client-v2/v2/client.go:195.2,195.36 1 1
github.com/chilla55/registry-client-v2/v2/client.go:195.36,197.3 1 0
github.com/chilla55/registry-client-v2/v2/client.go:200.2,200.22 1 1
github.com/chilla55/registry-client-v2/v2/client.go:200.22,201.46 1 1
github.com/chilla55/registry-client-v2/v2/client.go:201.46,204.4 1 0
github.com/chilla55/registry-client-v2/v2/client.go:207.2,207.12 1 1
github.com/chilla55/registry-client-v2/v2/client.go:211.44,213.16 2 1
github.com/chilla55/registry-client-v2/v2/client.go:213.16,215.3 1 0
github.com/chilla55/registry-client-v2/v2/client.go:218.2,218.44 1 1
github.com/chilla55/registry-client-v2/v2/client.go:218.44,221.3 2 1
github.com/chilla55/registry-client-v2/v2/client.go:223.2,230.21 5 1
github.com/chilla55/registry-client-v2/v2/client.go:230.21,233.3 2 0
github.com/chilla55/registry-client-v2/v2/client.go:235.2,237.41 3 1
github.com/chilla55/registry-client-v2/v2/client.go:237.41,240.3 2 0
github.com/chilla55/registry-client-v2/v2/client.go:242.2,256.12 7 1
github.com/chilla55/registry-client-v2/v2/client.go:260.82,261.34 1 1
github.com/chilla55/registry-client-v2/v2/client.go:261.34,263.3 1 1
github.com/chilla55/registry-client-v2/v2/client.go:265.2,273.4 2 1
github.com/chilla55/registry-client-v2/v2/client.go:277.73,279.2 1 1
github.com/chilla55/registry-client-v2/v2/client.go:282.72,284.2 1 1
github.com/chilla55/registry-client-v2/v2/client.go:287.72,289.2 1 1
github.com/chilla55/registry-client-v2/v2/client.go:292.73,302.2 3 1
github.com/chilla55/registry-client-v2/v2/client.go:305.96,306.17 1 1
github.com/chilla55/registry-client-v2/v2/client.go:306.17,308.3 1 1
github.com/chilla55/registry-client-v2/v2/client.go:309.2,316.4 3 1
github.com/chilla55/registry-client-v2/v2/client.go:320.95,321.17 1 1
github.com/chilla55/registry-client-v2/v2/client.go:321.17,323.3 1 0
github.com/chilla55/registry-client-v2/v2/client.go:324.2,325.16 2 1
github.com/chilla55/registry-client-v2/v2/client.go:325.16,327.3 1 1
github.com/chilla55/registry-client-v2/v2/client.go:329.2,333.4 1 1
github.com/chilla55/registry-client-v2/v2/client.go:338.53,343.16 3 1
github.com/chilla55/registry-client-v2/v2/client.go:343.16,345.3 1 0
github.com/chilla55/registry-client-v2/v2/client.go:347.2,347.22 1 1
github.com/chilla55/registry-client-v2/v2/client.go:347.22,350.3 2 1
github.com/chilla55/registry-client-v2/v2/client.go:352.2,355.31 2 0
github.com/chilla55/registry-client-v2/v2/client.go:355.31,356.57 1 0
github.com/chilla55/registry-client-v2/v2/client.go:356.57,357.50 1 0
github.com/chilla55/registry-client-v2/v2/client.go:357.50,359.50 2 0
github.com/chilla55/registry-client-v2/v2/client.go:359.50,362.6 1 0
github.com/chilla55/registry-client-v2/v2/client.go:368.2,368.40 1 0
github.com/chilla55/registry-client-v2/v2/client.go:368.40,370.3 1 0
github.com/chilla55/registry-client-v2/v2/client.go:372.2,373.12 2 0
github.com/chilla55/registry-client-v2/v2/client.go:377.117,395.23 9 1
github.com/chilla55/registry-client-v2/v2/client.go:395.23,397.3 1 0
github.com/chilla55/registry-client-v2/v2/client.go:399.2,401.25 3 1
github.com/chilla55/registry-client-v2/v2/client.go:401.25,403.3 1 0
github.com/chilla55/registry-client-v2/v2/client.go:405.2,405.28 1 1
github.com/chilla55/registry-client-v2/v2/client.go:405.28,407.3 1 0
github.com/chilla55/registry-client-v2/v2/client.go:409.2,410.20 2 1
github.com/chilla55/registry-client-v2/v2/client.go:410.20,412.3 1 1
github.com/chilla55/registry-client-v2/v2/client.go:415.2,432.21 5 1
github.com/chilla55/registry-client-v2/v2/client.go:436.103,441.23 4 0
github.com/chilla55/registry-client-v2/v2/client.go:441.23,443.3 1 0
github.com/chilla55/registry-client-v2/v2/client.go:445.2,447.25 3 0
github.com/chilla55/registry-client-v2/v2/client.go:447.25,449.3 1 0
github.com/chilla55/registry-client-v2/v2/client.go:451.2,452.20 2 0
github.com/chilla55/registry-client-v2/v2/client.go:452.20,454.3 1 0
github.com/chilla55/registry-client-v2/v2/client.go:456.2,456.21 1 0
github.com/chilla55/registry-client-v2/v2/client.go:460.64,464.23 3 1
github.com/chilla55/registry-client-v2/v2/client.go:464.23,466.3 1 0
github.com/chilla55/registry-client-v2/v2/client.go:468.2,470.25 3 1
github.com/chilla55/registry-client-v2/v2/client.go:470.25,472.3 1 0
github.com/chilla55/registry-client-v2/v2/client.go:474.2,475.20 2 1
github.com/chilla55/registry-client-v2/v2/client.go:475.20,477.3 1 1
github.com/chilla55/registry-client-v2/v2/client.go:479.2,479.20 1 1
github.com/chilla55/registry-client-v2/v2/client.go:483.62,487.23 3 1
github.com/chilla55/registry-client-v2/v2/client.go:487.23,489.3 1 0
github.com/chilla55/registry-client-v2/v2/client.go:491.2,492.42 2 1
github.com/chilla55/registry-client-v2/v2/client.go:492.42,494.3 1 0
github.com/chilla55/registry-client-v2/v2/client.go:496.2,496.12 1 1
github.com/chilla55/registry-client-v2/v2/client.go:500.90,504.23 3 1
github.com/chilla55/registry-client-v2/v2/client.go:504.23,506.3 1 0
github.com/chilla55/registry-client-v2/v2/client.go:508.2,509.42 2 1
github.com/chilla55/registry-client-v2/v2/client.go:509.42,511.3 1 0
github.com/chilla55/registry-client-v2/v2/client.go:513.2,513.12 1 1
github.com/chilla55/registry-client-v2/v2/client.go:517.84,521.23 3 1
github.com/chilla55/registry-client-v2/v2/client.go:521.23,523.3 1 0
github.com/chilla55/registry-client-v2/v2/client.go:525.2,526.42 2 1
github.com/chilla55/registry-client-v2/v2/client.go:526.42,528.3 1 0
github.com/chilla55/registry-client-v2/v2/client.go:530.2,530.12 1 1
github.com/chilla55/registry-client-v2/v2/client.go:534.71,543.23 6 1
github.com/chilla55/registry-client-v2/v2/client.go:543.23,545.3 1 0
github.com/chilla55/registry-client-v2/v2/client.go:547.2,548.42 2 1
github.com/chilla55/registry-client-v2/v2/client.go:548.42,550.3 1 0
github.com/chilla55/registry-client-v2/v2/client.go:552.2,552.12 1 1
github.com/chilla55/registry-client-v2/v2/client.go:556.111,570.23 6 1
github.com/chilla55/registry-client-v2/v2/client.go:570.23,572.3 1 0
github.com/chilla55/registry-client-v2/v2/client.go:574.2,575.42 2 1
github.com/chilla55/registry-client-v2/v2/client.go:575.42,577.3 1 0
github.com/chilla55/registry-client-v2/v2/client.go:580.2,591.12 2 1
github.com/chilla55/registry-client-v2/v2/client.go:595.92,599.23 3 1
github.com/chilla55/registry-client-v2/v2/client.go:599.23,601.3 1 0
github.com/chilla55/registry-client-v2/v2/client.go:603.2,604.42 2 1
github.com/chilla55/registry-client-v2/v2/client.go:604.42,606.3 1 0
github.com/chilla55/registry-client-v2/v2/client.go:608.2,608.12 1 1
github.com/chilla55/registry-client-v2/v2/client.go:612.121,616.23 3 1
github.com/chilla55/registry-client-v2/v2/client.go:616.23,618.3 1 0
github.com/chilla55/registry-client-v2/v2/client.go:620.2,621.42 2 1
github.com/chilla55/registry-client-v2/v2/client.go:621.42,623.3 1 0
github.com/chilla55/registry-client-v2/v2/client.go:625.2,625.12 1 1
github.com/chilla55/registry-client-v2/v2/client.go:629.51,633.23 3 1
github.com/chilla55/registry-client-v2/v2/client.go:633.23,635.3 1 0
github.com/chilla55/registry-client-v2/v2/client.go:637.2,638.42 2 1
github.com/chilla55/registry-client-v2/v2/client.go:638.42,640.3 1 0
github.com/chilla55/registry-client-v2/v2/client.go:642.2,642.12 1 1
github.com/chilla55/registry-client-v2/v2/client.go:646.48,650.23 3 1
github.com/chilla55/registry-client-v2/v2/client.go:650.23,652.3 1 0
github.com/chilla55/registry-client-v2/v2/client.go:654.2,655.42 2 1
github.com/chilla55/registry-client-v2/v2/client.go:655.42,657.3 1 0
github.com/chilla55/registry-client-v2/v2/client.go:659.2,668.12 3 1
github.com/chilla55/registry-client-v2/v2/client.go:672.51,676.23 3 1
github.com/chilla55/registry-client-v2/v2/client.go:676.23,678.3 1 0
github.com/chilla55/registry-client-v2/v2/client.go:680.2,681.42 2 1
github.com/chilla55/registry-client-v2/v2/client.go:681.42,683.3 1 0
github.com/chilla55/registry-client-v2/v2/client.go:685.2,685.12 1 1
github.com/chilla55/registry-client-v2/v2/client.go:689.73,693.23 3 1
github.com/chilla55/registry-client-v2/v2/client.go:693.23,695.3 1 0
github.com/chilla55/registry-client-v2/v2/client.go:697.2,699.25 3 1
github.com/chilla55/registry-client-v2/v2/client.go:699.25,701.3 1 0
github.com/chilla55/registry-client-v2/v2/client.go:703.2,704.20 2 1
github.com/chilla55/registry-client-v2/v2/client.go:704.20,706.3 1 1
github.com/chilla55/registry-client-v2/v2/client.go:708.2,708.18 1 1
github.com/chilla55/registry-client-v2/v2/client.go:712.79,716.23 3 1
github.com/chilla55/registry-client-v2/v2/client.go:716.23,718.3 1 0
github.com/chilla55/registry-client-v2/v2/client.go:720.2,722.25 3 1
github.com/chilla55/registry-client-v2/v2/client.go:722.25,724.3 1 0
github.com/chilla55/registry-client-v2/v2/client.go:727.2,728.46 2 1
github.com/chilla55/registry-client-v2/v2/client.go:728.46,730.3 1 1
github.com/chilla55/registry-client-v2/v2/client.go:732.2,732.28 1 1
github.com/chilla55/registry-client-v2/v2/client.go:736.74,740.23 3 1
github.com/chilla55/registry-client-v2/v2/client.go:740.23,742.3 1 0
github.com/chilla55/registry-client-v2/v2/client.go:744.2,746.25 3 1
github.com/chilla55/registry-client-v2/v2/client.go:746.25,748.3 1 0
github.com/chilla55/registry-client-v2/v2/client.go:750.2,751.20 2 1
github.com/chilla55/registry-client-v2/v2/client.go:751.20,753.3 1 1
github.com/chilla55/registry-client-v2/v2/client.go:755.2,755.20 1 1
github.com/chilla55/registry-client-v2/v2/client.go:759.48,763.23 3 1
github.com/chilla55/registry-client-v2/v2/client.go:763.23,765.3 1 0
github.com/chilla55/registry-client-v2/v2/client.go:767.2,768.42 2 1
github.com/chilla55/registry-client-v2/v2/client.go:768.42,770.3 1 0
github.com/chilla55/registry-client-v2/v2/client.go:772.2,772.12 1 1
github.com/chilla55/registry-client-v2/v2/client.go:781.66,783.2 1 1
github.com/chilla55/registry-client-v2/v2/client.go:786.56,788.2 1 1
github.com/chilla55/registry-client-v2/v2/client.go:791.70,793.2 1 1
github.com/chilla55/registry-client-v2/v2/client.go:803.100,815.19 8 1
github.com/chilla55/registry-client-v2/v2/client.go:815.19,826.3 3 1
github.com/chilla55/registry-client-v2/v2/client.go:828.2,829.16 2 1
github.com/chilla55/registry-client-v2/v2/client.go:829.16,842.3 3 0
github.com/chilla55/registry-client-v2/v2/client.go:845.2,849.76 3 1
github.com/chilla55/registry-client-v2/v2/client.go:849.76,851.16 2 1
github.com/chilla55/registry-client-v2/v2/client.go:851.16,851.57 1 1
github.com/chilla55/registry-client-v2/v2/client.go:855.2,855.23 1 1
github.com/chilla55/registry-client-v2/v2/client.go:855.23,866.3 3 0
github.com/chilla55/registry-client-v2/v2/client.go:868.2,869.23 2 1
github.com/chilla55/registry-client-v2/v2/client.go:869.23,870.43 1 0
github.com/chilla55/registry-client-v2/v2/client.go:870.43,881.4 3 0
github.com/chilla55/registry-client-v2/v2/client.go:885.2,885.23 1 1
github.com/chilla55/registry-client-v2/v2/client.go:885.23,888.43 2 1
github.com/chilla55/registry-client-v2/v2/client.go:888.43,899.4 3 1
github.com/chilla55/registry-client-v2/v2/client.go:900.3,900.40 1 0
github.com/chilla55/registry-client-v2/v2/client.go:900.40,911.4 3 0
github.com/chilla55/registry-client-v2/v2/client.go:915.2,925.12 3 0
github.com/chilla55/registry-client-v2/v2/client.go:936.65,947.19 7 1
github.com/chilla55/registry-client-v2/v2/client.go:947.19,955.3 3 1
github.com/chilla55/registry-client-v2/v2/client.go:957.2,959.16 3 0
github.com/chilla55/registry-client-v2/v2/client.go:959.16,967.3 3 0
github.com/chilla55/registry-client-v2/v2/client.go:970.2,976.23 6 0
github.com/chilla55/registry-client-v2/v2/client.go:976.23,979.3 2 0
github.com/chilla55/registry-client-v2/v2/client.go:981.2,982.23 2 0
github.com/chilla55/registry-client-v2/v2/client.go:982.23,983.43 1 0
github.com/chilla55/registry-client-v2/v2/client.go:983.43,986.4 2 0
github.com/chilla55/registry-client-v2/v2/client.go:990.2,991.76 2 0
github.com/chilla55/registry-client-v2/v2/client.go:991.76,993.16 2 0
github.com/chilla55/registry-client-v2/v2/client.go:993.16,993.57 1 0
github.com/chilla55/registry-client-v2/v2/client.go:996.2,996.23 1 0
github.com/chilla55/registry-client-v2/v2/client.go:996.23,999.43 2 0
github.com/chilla55/registry-client-v2/v2/client.go:999.43,1010.4 3 0
github.com/chilla55/registry-client-v2/v2/client.go:1011.3,1011.40 1 0
github.com/chilla55/registry-client-v2/v2/client.go:1011.40,1014.4 2 0
github.com/chilla55/registry-client-v2/v2/client.go:1017.2,1018.43 2 0
github.com/chilla55/registry-client-v2/v2/client.go:1022.55,1024.2 1 1
github.com/chilla55/registry-client-v2/v2/client.go:1027.69,1029.2 1 1
github.com/chilla55/registry-client-v2/v2/client.go:1033.80,1037.23 3 1
github.com/chilla55/registry-client-v2/v2/client.go:1037.23,1039.3 1 0
github.com/chilla55/registry-client-v2/v2/client.go:1041.2,1043.25 3 1
github.com/chilla55/registry-client-v2/v2/client.go:1043.25,1045.3 1 0
github.com/chilla55/registry-client-v2/v2/client.go:1047.2,1048.20 2 1
github.com/chilla55/registry-client-v2/v2/client.go:1048.20,1050.3 1 1
github.com/chilla55/registry-client-v2/v2/client.go:1052.2,1052.20 1 1
github.com/chilla55/registry-client-v2/v2/client.go:1056.62,1060.23 3 1
github.com/chilla55/registry-client-v2/v2/client.go:1060.23,1062.3 1 0
github.com/chilla55/registry-client-v2/v2/client.go:1064.2,1066.25 3 1
github.com/chilla55/registry-client-v2/v2/client.go:1066.25,1068.3 1 0
github.com/chilla55/registry-client-v2/v2/client.go:1070.2,1071.20 2 1
github.com/chilla55/registry-client-v2/v2/client.go:1071.20,1073.3 1 1
github.com/chilla55/registry-client-v2/v2/client.go:1075.2,1075.19 1 1
github.com/chilla55/registry-client-v2/v2/client.go:1079.91,1083.23 3 1
github.com/chilla55/registry-client-v2/v2/client.go:1083.23,1085.3 1 0
github.com/chilla55/registry-client-v2/v2/client.go:1087.2,1089.20 3 1
github.com/chilla55/registry-client-v2/v2/client.go:1089.20,1091.3 1 0
github.com/chilla55/registry-client-v2/v2/client.go:1093.2,1094.20 2 1
github.com/chilla55/registry-client-v2/v2/client.go:1094.20,1096.3 1 1
github.com/chilla55/registry-client-v2/v2/client.go:1098.2,1098.20 1 1
github.com/chilla55/registry-client-v2/v2/client.go:1102.74,1106.23 3 1
github.com/chilla55/registry-client-v2/v2/client.go:1106.23,1108.3 1 0
github.com/chilla55/registry-client-v2/v2/client.go:1110.2,1112.25 3 1
github.com/chilla55/registry-client-v2/v2/client.go:1112.25,1114.3 1 0
github.com/chilla55/registry-client-v2/v2/client.go:1116.2,1117.20 2 1
github.com/chilla55/registry-client-v2/v2/client.go:1117.20,1119.3 1 1
github.com/chilla55/registry-client-v2/v2/client.go:1121.2,1121.18 1 1
github.com/chilla55/registry-client-v2/v2/client.go:1125.41,1129.23 3 1
github.com/chilla55/registry-client-v2/v2/client.go:1129.23,1131.3 1 0
github.com/chilla55/registry-client-v2/v2/client.go:1133.2,1134.24 2 1
github.com/chilla55/registry-client-v2/v2/client.go:1134.24,1136.3 1 0
github.com/chilla55/registry-client-v2/v2/client.go:1138.2,1138.12 1 1
github.com/chilla55/registry-client-v2/v2/client.go:1142.45,1146.23 3 1
github.com/chilla55/registry-client-v2/v2/client.go:1146.23,1148.3 1 0
github.com/chilla55/registry-client-v2/v2/client.go:1150.2,1151.42 2 1
github.com/chilla55/registry-client-v2/v2/client.go:1151.42,1153.3 1 0
github.com/chilla55/registry-client-v2/v2/client.go:1155.2,1164.12 3 1
github.com/chilla55/registry-client-v2/v2/client.go:1168.36,1170.19 2 1
github.com/chilla55/registry-client-v2/v2/client.go:1170.19,1172.3 1 1
github.com/chilla55/registry-client-v2/v2/client.go:1173.2,1177.4 1 1
github.com/chilla55/registry-client-v2/v2/client.go:1181.74,1185.2 3 1
github.com/chilla55/registry-client-v2/v2/client.go:1188.53,1192.2 3 1
github.com/chilla55/registry-client-v2/v2/client.go:1195.46,1200.35 4 1
github.com/chilla55/registry-client-v2/v2/client.go:1200.35,1203.3 1 1
github.com/chilla55/registry-client-v2/v2/client.go:1207.48,1209.2 1 1
github.com/chilla55/registry-client-v2/v2/client.go:1212.64,1214.2 1 1
github.com/chilla55/registry-client-v2/v2/client.go:1217.68,1219.2 1 1
github.com/chilla55/registry-client-v2/v2/client.go:1222.45,1230.6 6 0
github.com/chilla55/registry-client-v2/v2/client.go:1230.6,1231.10 1 0
github.com/chilla55/registry-client-v2/v2/client.go:1232.19,1234.18 2 0
github.com/chilla55/registry-client-v2/v2/client.go:1234.18,1250.5 4 0
github.com/chilla55/registry-client-v2/v2/client.go:1250.10,1252.27 1 0
github.com/chilla55/registry-client-v2/v2/client.go:1252.27,1254.27 2 0
github.com/chilla55/registry-client-v2/v2/client.go:1254.27,1258.7 3 0
github.com/chilla55/registry-client-v2/v2/client.go:1261.17,1262.10 1 0
github.com/chilla55/registry-client-v2/v2/client.go:1268.145,1273.32 3 0
github.com/chilla55/registry-client-v2/v2/client.go:1273.32,1275.3 1 0
github.com/chilla55/registry-client-v2/v2/client.go:1275.8,1277.25 1 0
github.com/chilla55/registry-client-v2/v2/client.go:1277.25,1288.4 4 0
github.com/chilla55/registry-client-v2/v2/client.go:1289.3,1289.31 1 0
github.com/chilla55/registry-client-v2/v2/client.go:1292.2,1295.38 3 0
github.com/chilla55/registry-client-v2/v2/client.go:1295.38,1297.3 1 0
github.com/chilla55/registry-client-v2/v2/client.go:1297.8,1300.24 2 0
github.com/chilla55/registry-client-v2/v2/client.go:1300.24,1304.4 3 0
github.com/chilla55/registry-client-v2/v2/client.go:1305.3,1312.5 2 0
github.com/chilla55/registry-client-v2/v2/client.go:1317.46,1319.19 1 1
github.com/chilla55/registry-client-v2/v2/client.go:1319.19,1321.3 1 1
github.com/chilla55/registry-client-v2/v2/client.go:1324.2,1325.19 2 1
github.com/chilla55/registry-client-v2/v2/client.go:1325.19,1327.3 1 0
github.com/chilla55/registry-client-v2/v2/client.go:1328.2,1332.16 3 1
github.com/chilla55/registry-client-v2/v2/client.go:1332.16,1334.3 1 0
github.com/chilla55/registry-client-v2/v2/client.go:1337.2,1337.44 1 1
github.com/chilla55/registry-client-v2/v2/client.go:1337.44,1340.3 2 1
github.com/chilla55/registry-client-v2/v2/client.go:1342.2,1345.23 2 1
github.com/chilla55/registry-client-v2/v2/client.go:1345.23,1349.21 3 1
github.com/chilla55/registry-client-v2/v2/client.go:1349.21,1351.20 2 1
github.com/chilla55/registry-client-v2/v2/client.go:1352.14,1364.15 5 1
github.com/chilla55/registry-client-v2/v2/client.go:1365.22,1367.64 1 0
github.com/chilla55/registry-client-v2/v2/client.go:1374.2,1378.21 4 0
github.com/chilla55/registry-client-v2/v2/client.go:1378.21,1381.3 2 0
github.com/chilla55/registry-client-v2/v2/client.go:1383.2,1385.41 3 0
github.com/chilla55/registry-client-v2/v2/client.go:1385.41,1388.3 2 0
github.com/chilla55/registry-client-v2/v2/client.go:1390.2,1398.48 6 0
github.com/chilla55/registry-client-v2/v2/client.go:1398.48,1401.3 1 0
github.com/chilla55/registry-client-v2/v2/client.go:1404.2,1404.42 1 0
github.com/chilla55/registry-client-v2/v2/client.go:1404.42,1406.3 1 0
github.com/chilla55/registry-client-v2/v2/client.go:1409.2,1409.59 1 0
github.com/chilla55/registry-client-v2/v2/client.go:1409.59,1411.3 1 0
github.com/chilla55/registry-client-v2/v2/client.go:1414.2,1420.12 2 0
github.com/chilla55/registry-client-v2/v2/client.go:1424.56,1434.39 5 0
github.com/chilla55/registry-client-v2/v2/client.go:1434.39,1439.24 4 0
github.com/chilla55/registry-client-v2/v2/client.go:1439.24,1441.4 1 0
github.com/chilla55/registry-client-v2/v2/client.go:1443.3,1445.29 3 0
github.com/chilla55/registry-client-v2/v2/client.go:1445.29,1447.4 1 0
github.com/chilla55/registry-client-v2/v2/client.go:1449.3,1450.21 2 0
github.com/chilla55/registry-client-v2/v2/client.go:1450.21,1452.4 1 0
github.com/chilla55/registry-client-v2/v2/client.go:1454.3,1456.117 3 0
github.com/chilla55/registry-client-v2/v2/client.go:1464.2,1465.42 2 0
github.com/chilla55/registry-client-v2/v2/client.go:1465.42,1467.41 2 0
github.com/chilla55/registry-client-v2/v2/client.go:1467.41,1471.25 3 0
github.com/chilla55/registry-client-v2/v2/client.go:1471.25,1473.5 1 0
github.com/chilla55/registry-client-v2/v2/client.go:1475.4,1476.45 2 0
github.com/chilla55/registry-client-v2/v2/client.go:1476.45,1480.10 4 0
github.com/chilla55/registry-client-v2/v2/client.go:1483.3,1483.15 1 0
github.com/chilla55/registry-client-v2/v2/client.go:1483.15,1485.4 1 0
github.com/chilla55/registry-client-v2/v2/client.go:1487.2,1490.42 2 0
github.com/chilla55/registry-client-v2/v2/client.go:1490.42,1494.24 3 0
github.com/chilla55/registry-client-v2/v2/client.go:1494.24,1496.4 1 0
github.com/chilla55/registry-client-v2/v2/client.go:1498.3,1499.43 2 0
github.com/chilla55/registry-client-v2/v2/client.go:1499.43,1501.4 1 0
github.com/chilla55/registry-client-v2/v2/client.go:1502.3,1502.64 1 0
github.com/chilla55/registry-client-v2/v2/client.go:1506.2,1509.23 3 0
github.com/chilla55/registry-client-v2/v2/client.go:1509.23,1511.3 1 0
github.com/chilla55/registry-client-v2/v2/client.go:1513.2,1514.42 2 0
github.com/chilla55/registry-client-v2/v2/client.go:1514.42,1516.3 1 0
github.com/chilla55/registry-client-v2/v2/client.go:1518.2,1519.12 2 0
github.com/chilla55/registry-client-v2/v2/client.go:1523.55,1527.2 3 1
github.com/chilla55/registry-client-v2/v2/client.go:1530.50,1532.21 2 0
github.com/chilla55/registry-client-v2/v2/client.go:1532.21,1534.3 1 0
github.com/chilla55/registry-client-v2/v2/client.go:1536.2,1540.25 4 0
github.com/chilla55/registry-client-v2/v2/client.go:1540.25,1563.46 7 0
github.com/chilla55/registry-client-v2/v2/client.go:1563.46,1568.4 1 0
github.com/chilla55/registry-client-v2/v2/client.go:1571.3,1571.18 1 0
github.com/chilla55/registry-client-v2/v2/client.go:1574.2,1574.12 1 0
github.com/chilla55/registry-client-v2/v2/client.go:1578.67,1585.19 6 0
github.com/chilla55/registry-client-v2/v2/client.go:1585.19,1588.3 2 0
github.com/chilla55/registry-client-v2/v2/client.go:1590.2,1590.12 1 0
